Analysis & Synthesis report for processador_mips_8_bits
Sun Mar 13 17:40:07 2022
Quartus Prime Version 20.1.1 Build 720 11/11/2020 SJ Lite Edition


---------------------
; Table of Contents ;
---------------------
  1. Legal Notice
  2. Analysis & Synthesis Summary
  3. Analysis & Synthesis Settings
  4. Parallel Compilation
  5. Analysis & Synthesis Source Files Read
  6. Analysis & Synthesis Resource Usage Summary
  7. Analysis & Synthesis Resource Utilization by Entity
  8. General Register Statistics
  9. Multiplexer Restructuring Statistics (Restructuring Performed)
 10. Port Connectivity Checks: "controlador_de_salto:jump"
 11. Port Connectivity Checks: "PC_count:progam_counter"
 12. Post-Synthesis Netlist Statistics for Top Partition
 13. Elapsed Time Per Partition
 14. Analysis & Synthesis Messages



----------------
; Legal Notice ;
----------------
Copyright (C) 2020  Intel Corporation. All rights reserved.
Your use of Intel Corporation's design tools, logic functions 
and other software and tools, and any partner logic 
functions, and any output files from any of the foregoing 
(including device programming or simulation files), and any 
associated documentation or information are expressly subject 
to the terms and conditions of the Intel Program License 
Subscription Agreement, the Intel Quartus Prime License Agreement,
the Intel FPGA IP License Agreement, or other applicable license
agreement, including, without limitation, that your use is for
the sole purpose of programming logic devices manufactured by
Intel and sold by Intel or its authorized distributors.  Please
refer to the applicable agreement for further details, at
https://fpgasoftware.intel.com/eula.



+-------------------------------------------------------------------------------+
; Analysis & Synthesis Summary                                                  ;
+---------------------------------+---------------------------------------------+
; Analysis & Synthesis Status     ; Successful - Sun Mar 13 17:40:07 2022       ;
; Quartus Prime Version           ; 20.1.1 Build 720 11/11/2020 SJ Lite Edition ;
; Revision Name                   ; processador_mips_8_bits                     ;
; Top-level Entity Name           ; processador_mips_8_bits                     ;
; Family                          ; Cyclone V                                   ;
; Logic utilization (in ALMs)     ; N/A                                         ;
; Total registers                 ; 0                                           ;
; Total pins                      ; 18                                          ;
; Total virtual pins              ; 0                                           ;
; Total block memory bits         ; 0                                           ;
; Total DSP Blocks                ; 0                                           ;
; Total HSSI RX PCSs              ; 0                                           ;
; Total HSSI PMA RX Deserializers ; 0                                           ;
; Total HSSI TX PCSs              ; 0                                           ;
; Total HSSI PMA TX Serializers   ; 0                                           ;
; Total PLLs                      ; 0                                           ;
; Total DLLs                      ; 0                                           ;
+---------------------------------+---------------------------------------------+


+-------------------------------------------------------------------------------------------------------------------------------------+
; Analysis & Synthesis Settings                                                                                                       ;
+---------------------------------------------------------------------------------+-------------------------+-------------------------+
; Option                                                                          ; Setting                 ; Default Value           ;
+---------------------------------------------------------------------------------+-------------------------+-------------------------+
; Device                                                                          ; 5CGXFC7C7F23C8          ;                         ;
; Top-level entity name                                                           ; processador_mips_8_bits ; processador_mips_8_bits ;
; Family name                                                                     ; Cyclone V               ; Cyclone V               ;
; Use smart compilation                                                           ; Off                     ; Off                     ;
; Enable parallel Assembler and Timing Analyzer during compilation                ; On                      ; On                      ;
; Enable compact report table                                                     ; Off                     ; Off                     ;
; Restructure Multiplexers                                                        ; Auto                    ; Auto                    ;
; MLAB Add Timing Constraints For Mixed-Port Feed-Through Mode Setting Don't Care ; Off                     ; Off                     ;
; Create Debugging Nodes for IP Cores                                             ; Off                     ; Off                     ;
; Preserve fewer node names                                                       ; On                      ; On                      ;
; Intel FPGA IP Evaluation Mode                                                   ; Enable                  ; Enable                  ;
; Verilog Version                                                                 ; Verilog_2001            ; Verilog_2001            ;
; VHDL Version                                                                    ; VHDL_1993               ; VHDL_1993               ;
; State Machine Processing                                                        ; Auto                    ; Auto                    ;
; Safe State Machine                                                              ; Off                     ; Off                     ;
; Extract Verilog State Machines                                                  ; On                      ; On                      ;
; Extract VHDL State Machines                                                     ; On                      ; On                      ;
; Ignore Verilog initial constructs                                               ; Off                     ; Off                     ;
; Iteration limit for constant Verilog loops                                      ; 5000                    ; 5000                    ;
; Iteration limit for non-constant Verilog loops                                  ; 250                     ; 250                     ;
; Add Pass-Through Logic to Inferred RAMs                                         ; On                      ; On                      ;
; Infer RAMs from Raw Logic                                                       ; On                      ; On                      ;
; Parallel Synthesis                                                              ; On                      ; On                      ;
; DSP Block Balancing                                                             ; Auto                    ; Auto                    ;
; NOT Gate Push-Back                                                              ; On                      ; On                      ;
; Power-Up Don't Care                                                             ; On                      ; On                      ;
; Remove Redundant Logic Cells                                                    ; Off                     ; Off                     ;
; Remove Duplicate Registers                                                      ; On                      ; On                      ;
; Ignore CARRY Buffers                                                            ; Off                     ; Off                     ;
; Ignore CASCADE Buffers                                                          ; Off                     ; Off                     ;
; Ignore GLOBAL Buffers                                                           ; Off                     ; Off                     ;
; Ignore ROW GLOBAL Buffers                                                       ; Off                     ; Off                     ;
; Ignore LCELL Buffers                                                            ; Off                     ; Off                     ;
; Ignore SOFT Buffers                                                             ; On                      ; On                      ;
; Limit AHDL Integers to 32 Bits                                                  ; Off                     ; Off                     ;
; Optimization Technique                                                          ; Balanced                ; Balanced                ;
; Carry Chain Length                                                              ; 70                      ; 70                      ;
; Auto Carry Chains                                                               ; On                      ; On                      ;
; Auto Open-Drain Pins                                                            ; On                      ; On                      ;
; Perform WYSIWYG Primitive Resynthesis                                           ; Off                     ; Off                     ;
; Auto ROM Replacement                                                            ; On                      ; On                      ;
; Auto RAM Replacement                                                            ; On                      ; On                      ;
; Auto DSP Block Replacement                                                      ; On                      ; On                      ;
; Auto Shift Register Replacement                                                 ; Auto                    ; Auto                    ;
; Allow Shift Register Merging across Hierarchies                                 ; Auto                    ; Auto                    ;
; Auto Clock Enable Replacement                                                   ; On                      ; On                      ;
; Strict RAM Replacement                                                          ; Off                     ; Off                     ;
; Allow Synchronous Control Signals                                               ; On                      ; On                      ;
; Force Use of Synchronous Clear Signals                                          ; Off                     ; Off                     ;
; Auto Resource Sharing                                                           ; Off                     ; Off                     ;
; Allow Any RAM Size For Recognition                                              ; Off                     ; Off                     ;
; Allow Any ROM Size For Recognition                                              ; Off                     ; Off                     ;
; Allow Any Shift Register Size For Recognition                                   ; Off                     ; Off                     ;
; Use LogicLock Constraints during Resource Balancing                             ; On                      ; On                      ;
; Ignore translate_off and synthesis_off directives                               ; Off                     ; Off                     ;
; Timing-Driven Synthesis                                                         ; On                      ; On                      ;
; Report Parameter Settings                                                       ; On                      ; On                      ;
; Report Source Assignments                                                       ; On                      ; On                      ;
; Report Connectivity Checks                                                      ; On                      ; On                      ;
; Ignore Maximum Fan-Out Assignments                                              ; Off                     ; Off                     ;
; Synchronization Register Chain Length                                           ; 3                       ; 3                       ;
; Power Optimization During Synthesis                                             ; Normal compilation      ; Normal compilation      ;
; HDL message level                                                               ; Level2                  ; Level2                  ;
; Suppress Register Optimization Related Messages                                 ; Off                     ; Off                     ;
; Number of Removed Registers Reported in Synthesis Report                        ; 5000                    ; 5000                    ;
; Number of Swept Nodes Reported in Synthesis Report                              ; 5000                    ; 5000                    ;
; Number of Inverted Registers Reported in Synthesis Report                       ; 100                     ; 100                     ;
; Clock MUX Protection                                                            ; On                      ; On                      ;
; Auto Gated Clock Conversion                                                     ; Off                     ; Off                     ;
; Block Design Naming                                                             ; Auto                    ; Auto                    ;
; SDC constraint protection                                                       ; Off                     ; Off                     ;
; Synthesis Effort                                                                ; Auto                    ; Auto                    ;
; Shift Register Replacement - Allow Asynchronous Clear Signal                    ; On                      ; On                      ;
; Pre-Mapping Resynthesis Optimization                                            ; Off                     ; Off                     ;
; Analysis & Synthesis Message Level                                              ; Medium                  ; Medium                  ;
; Disable Register Merging Across Hierarchies                                     ; Auto                    ; Auto                    ;
; Resource Aware Inference For Block RAM                                          ; On                      ; On                      ;
; Automatic Parallel Synthesis                                                    ; On                      ; On                      ;
; Partial Reconfiguration Bitstream ID                                            ; Off                     ; Off                     ;
+---------------------------------------------------------------------------------+-------------------------+-------------------------+


+------------------------------------------+
; Parallel Compilation                     ;
+----------------------------+-------------+
; Processors                 ; Number      ;
+----------------------------+-------------+
; Number detected on machine ; 8           ;
; Maximum allowed            ; 8           ;
;                            ;             ;
; Average used               ; 1.00        ;
; Maximum used               ; 1           ;
;                            ;             ;
; Usage by Processor         ; % Time Used ;
;     Processor 1            ; 100.0%      ;
+----------------------------+-------------+


+------------------------------------------------------------------------------------------------------------------------------------------------------------------------+
; Analysis & Synthesis Source Files Read                                                                                                                                 ;
+----------------------------------+-----------------+-----------------+---------------------------------------------------------------------------------------+---------+
; File Name with User-Entered Path ; Used in Netlist ; File Type       ; File Name with Absolute Path                                                          ; Library ;
+----------------------------------+-----------------+-----------------+---------------------------------------------------------------------------------------+---------+
; processador_mips_8_bits.vhd      ; yes             ; User VHDL File  ; /home/kaio/Documentos/Componentes/processador_mips_8_bits/processador_mips_8_bits.vhd ;         ;
; banco_regs.vhdl                  ; yes             ; User VHDL File  ; /home/kaio/Documentos/Componentes/processador_mips_8_bits/banco_regs.vhdl             ;         ;
; controlador.vhd                  ; yes             ; User VHDL File  ; /home/kaio/Documentos/Componentes/processador_mips_8_bits/controlador.vhd             ;         ;
; instrucoes.vhd                   ; yes             ; User VHDL File  ; /home/kaio/Documentos/Componentes/processador_mips_8_bits/instrucoes.vhd              ;         ;
; memory_data.vhd                  ; yes             ; User VHDL File  ; /home/kaio/Documentos/Componentes/processador_mips_8_bits/memory_data.vhd             ;         ;
; mult1x4.vhd                      ; yes             ; User VHDL File  ; /home/kaio/Documentos/Componentes/processador_mips_8_bits/mult1x4.vhd                 ;         ;
; ula.vhd                          ; yes             ; User VHDL File  ; /home/kaio/Documentos/Componentes/processador_mips_8_bits/ula.vhd                     ;         ;
; PC_count.vhd                     ; yes             ; User VHDL File  ; /home/kaio/Documentos/Componentes/processador_mips_8_bits/PC_count.vhd                ;         ;
; controlador_de_salto.vhd         ; yes             ; User VHDL File  ; /home/kaio/Documentos/Componentes/processador_mips_8_bits/controlador_de_salto.vhd    ;         ;
; seletor1x2.vhd                   ; yes             ; User VHDL File  ; /home/kaio/Documentos/Componentes/processador_mips_8_bits/seletor1x2.vhd              ;         ;
+----------------------------------+-----------------+-----------------+---------------------------------------------------------------------------------------+---------+


+-----------------------------------------------------+
; Analysis & Synthesis Resource Usage Summary         ;
+---------------------------------------------+-------+
; Resource                                    ; Usage ;
+---------------------------------------------+-------+
; Estimate of Logic utilization (ALMs needed) ; 0     ;
;                                             ;       ;
; Combinational ALUT usage for logic          ; 0     ;
;     -- 7 input functions                    ; 0     ;
;     -- 6 input functions                    ; 0     ;
;     -- 5 input functions                    ; 0     ;
;     -- 4 input functions                    ; 0     ;
;     -- <=3 input functions                  ; 0     ;
;                                             ;       ;
; Dedicated logic registers                   ; 0     ;
;                                             ;       ;
; I/O pins                                    ; 18    ;
;                                             ;       ;
; Total DSP Blocks                            ; 0     ;
;                                             ;       ;
; Maximum fan-out node                        ; reset ;
; Maximum fan-out                             ; 1     ;
; Total fan-out                               ; 18    ;
; Average fan-out                             ; 0.50  ;
+---------------------------------------------+-------+


+---------------------------------------------------------------------------------------------------------------------------------------------------------------------------------------------------------+
; Analysis & Synthesis Resource Utilization by Entity                                                                                                                                                     ;
+----------------------------+---------------------+---------------------------+-------------------+------------+------+--------------+--------------------------+-------------------------+--------------+
; Compilation Hierarchy Node ; Combinational ALUTs ; Dedicated Logic Registers ; Block Memory Bits ; DSP Blocks ; Pins ; Virtual Pins ; Full Hierarchy Name      ; Entity Name             ; Library Name ;
+----------------------------+---------------------+---------------------------+-------------------+------------+------+--------------+--------------------------+-------------------------+--------------+
; |processador_mips_8_bits   ; 0 (0)               ; 0 (0)                     ; 0                 ; 0          ; 18   ; 0            ; |processador_mips_8_bits ; processador_mips_8_bits ; work         ;
+----------------------------+---------------------+---------------------------+-------------------+------------+------+--------------+--------------------------+-------------------------+--------------+
Note: For table entries with two numbers listed, the numbers in parentheses indicate the number of resources of the given type used by the specific entity alone. The numbers listed outside of parentheses indicate the total resources of the given type used by the specific entity and all of its sub-entities in the hierarchy.


+------------------------------------------------------+
; General Register Statistics                          ;
+----------------------------------------------+-------+
; Statistic                                    ; Value ;
+----------------------------------------------+-------+
; Total registers                              ; 0     ;
; Number of registers using Synchronous Clear  ; 0     ;
; Number of registers using Synchronous Load   ; 0     ;
; Number of registers using Asynchronous Clear ; 0     ;
; Number of registers using Asynchronous Load  ; 0     ;
; Number of registers using Clock Enable       ; 0     ;
; Number of registers using Preset             ; 0     ;
+----------------------------------------------+-------+


+----------------------------------------------------------------------------------------------------------------------------------------------------------------------+
; Multiplexer Restructuring Statistics (Restructuring Performed)                                                                                                       ;
+--------------------+-----------+---------------+----------------------+------------------------+------------+--------------------------------------------------------+
; Multiplexer Inputs ; Bus Width ; Baseline Area ; Area if Restructured ; Saving if Restructured ; Registered ; Example Multiplexer Output                             ;
+--------------------+-----------+---------------+----------------------+------------------------+------------+--------------------------------------------------------+
; 4:1                ; 8 bits    ; 16 LEs        ; 16 LEs               ; 0 LEs                  ; No         ; |processador_mips_8_bits|mult1x4:multiplexador1x4|Mux5 ;
+--------------------+-----------+---------------+----------------------+------------------------+------------+--------------------------------------------------------+


+------------------------------------------------------------------------------------------------------------------------+
; Port Connectivity Checks: "controlador_de_salto:jump"                                                                  ;
+--------------+--------+----------+-------------------------------------------------------------------------------------+
; Port         ; Type   ; Severity ; Details                                                                             ;
+--------------+--------+----------+-------------------------------------------------------------------------------------+
; indice_saida ; Output ; Info     ; Connected to dangling logic. Logic that only feeds a dangling port will be removed. ;
+--------------+--------+----------+-------------------------------------------------------------------------------------+


+------------------------------------------------------------------------------------------------------------------------+
; Port Connectivity Checks: "PC_count:progam_counter"                                                                    ;
+--------------+--------+----------+-------------------------------------------------------------------------------------+
; Port         ; Type   ; Severity ; Details                                                                             ;
+--------------+--------+----------+-------------------------------------------------------------------------------------+
; indice_saida ; Output ; Info     ; Connected to dangling logic. Logic that only feeds a dangling port will be removed. ;
+--------------+--------+----------+-------------------------------------------------------------------------------------+


+-----------------------------------------------------+
; Post-Synthesis Netlist Statistics for Top Partition ;
+-----------------------+-----------------------------+
; Type                  ; Count                       ;
+-----------------------+-----------------------------+
; arriav_lcell_comb     ; 1                           ;
;     normal            ; 1                           ;
;         0 data inputs ; 1                           ;
; boundary_port         ; 18                          ;
;                       ;                             ;
; Max LUT depth         ; 0.00                        ;
; Average LUT depth     ; 0.00                        ;
+-----------------------+-----------------------------+


+-------------------------------+
; Elapsed Time Per Partition    ;
+----------------+--------------+
; Partition Name ; Elapsed Time ;
+----------------+--------------+
; Top            ; 00:00:00     ;
+----------------+--------------+


+-------------------------------+
; Analysis & Synthesis Messages ;
+-------------------------------+
Info: *******************************************************************
Info: Running Quartus Prime Analysis & Synthesis
    Info: Version 20.1.1 Build 720 11/11/2020 SJ Lite Edition
    Info: Processing started: Sun Mar 13 17:39:56 2022
Info: Command: quartus_map --read_settings_files=on --write_settings_files=off processador_mips_8_bits -c processador_mips_8_bits
Warning (18236): Number of processors has not been specified which may cause overloading on shared machines.  Set the global assignment NUM_PARALLEL_PROCESSORS in your QSF to an appropriate value for best performance.
Info (20030): Parallel compilation is enabled and will use 8 of the 8 processors detected
Info (12021): Found 2 design units, including 1 entities, in source file processador_mips_8_bits.vhd
    Info (12022): Found design unit 1: processador_mips_8_bits-Main File: /home/kaio/Documentos/Componentes/processador_mips_8_bits/processador_mips_8_bits.vhd Line: 19
    Info (12023): Found entity 1: processador_mips_8_bits File: /home/kaio/Documentos/Componentes/processador_mips_8_bits/processador_mips_8_bits.vhd Line: 8
Info (12021): Found 2 design units, including 1 entities, in source file banco_regs.vhdl
    Info (12022): Found design unit 1: banco_regs-Main File: /home/kaio/Documentos/Componentes/processador_mips_8_bits/banco_regs.vhdl Line: 21
    Info (12023): Found entity 1: banco_regs File: /home/kaio/Documentos/Componentes/processador_mips_8_bits/banco_regs.vhdl Line: 8
Info (12021): Found 2 design units, including 1 entities, in source file controlador.vhd
    Info (12022): Found design unit 1: controlador-Main File: /home/kaio/Documentos/Componentes/processador_mips_8_bits/controlador.vhd Line: 18
    Info (12023): Found entity 1: controlador File: /home/kaio/Documentos/Componentes/processador_mips_8_bits/controlador.vhd Line: 5
Info (12021): Found 2 design units, including 1 entities, in source file instrucoes.vhd
    Info (12022): Found design unit 1: instrucoes-Main File: /home/kaio/Documentos/Componentes/processador_mips_8_bits/instrucoes.vhd Line: 15
    Info (12023): Found entity 1: instrucoes File: /home/kaio/Documentos/Componentes/processador_mips_8_bits/instrucoes.vhd Line: 7
Info (12021): Found 2 design units, including 1 entities, in source file memory_data.vhd
    Info (12022): Found design unit 1: memory_data-Main File: /home/kaio/Documentos/Componentes/processador_mips_8_bits/memory_data.vhd Line: 15
    Info (12023): Found entity 1: memory_data File: /home/kaio/Documentos/Componentes/processador_mips_8_bits/memory_data.vhd Line: 6
Info (12021): Found 2 design units, including 1 entities, in source file mult1x4.vhd
    Info (12022): Found design unit 1: mult1x4-Main File: /home/kaio/Documentos/Componentes/processador_mips_8_bits/mult1x4.vhd Line: 20
    Info (12023): Found entity 1: mult1x4 File: /home/kaio/Documentos/Componentes/processador_mips_8_bits/mult1x4.vhd Line: 7
Info (12021): Found 2 design units, including 1 entities, in source file ula.vhd
    Info (12022): Found design unit 1: ULA-Main File: /home/kaio/Documentos/Componentes/processador_mips_8_bits/ula.vhd Line: 16
    Info (12023): Found entity 1: ULA File: /home/kaio/Documentos/Componentes/processador_mips_8_bits/ula.vhd Line: 7
Info (12021): Found 2 design units, including 1 entities, in source file PC_count.vhd
    Info (12022): Found design unit 1: PC_count-main File: /home/kaio/Documentos/Componentes/processador_mips_8_bits/PC_count.vhd Line: 16
    Info (12023): Found entity 1: PC_count File: /home/kaio/Documentos/Componentes/processador_mips_8_bits/PC_count.vhd Line: 8
Info (12021): Found 2 design units, including 1 entities, in source file controlador_de_salto.vhd
    Info (12022): Found design unit 1: controlador_de_salto-main File: /home/kaio/Documentos/Componentes/processador_mips_8_bits/controlador_de_salto.vhd Line: 19
    Info (12023): Found entity 1: controlador_de_salto File: /home/kaio/Documentos/Componentes/processador_mips_8_bits/controlador_de_salto.vhd Line: 8
Info (12021): Found 2 design units, including 1 entities, in source file seletor1x2.vhd
    Info (12022): Found design unit 1: seletor1x2-Main File: /home/kaio/Documentos/Componentes/processador_mips_8_bits/seletor1x2.vhd Line: 18
    Info (12023): Found entity 1: seletor1x2 File: /home/kaio/Documentos/Componentes/processador_mips_8_bits/seletor1x2.vhd Line: 7
Info (12127): Elaborating entity "processador_mips_8_bits" for the top level hierarchy
Warning (10541): VHDL Signal Declaration warning at processador_mips_8_bits.vhd(31): used implicit default value for signal "indice_aux1" because signal was never assigned a value or an explicit default value. Use of implicit default value may introduce unintended design optimizations. File: /home/kaio/Documentos/Componentes/processador_mips_8_bits/processador_mips_8_bits.vhd Line: 31
Warning (10036): Verilog HDL or VHDL warning at processador_mips_8_bits.vhd(32): object "indice_aux2" assigned a value but never read File: /home/kaio/Documentos/Componentes/processador_mips_8_bits/processador_mips_8_bits.vhd Line: 32
Info (12128): Elaborating entity "PC_count" for hierarchy "PC_count:progam_counter" File: /home/kaio/Documentos/Componentes/processador_mips_8_bits/processador_mips_8_bits.vhd Line: 148
Warning (10492): VHDL Process Statement warning at PC_count.vhd(21): signal "indice_entrada" is read inside the Process Statement but isn't in the Process Statement's sensitivity list File: /home/kaio/Documentos/Componentes/processador_mips_8_bits/PC_count.vhd Line: 21
Info (12128): Elaborating entity "controlador_de_salto" for hierarchy "controlador_de_salto:jump" File: /home/kaio/Documentos/Componentes/processador_mips_8_bits/processador_mips_8_bits.vhd Line: 157
Warning (10492): VHDL Process Statement warning at controlador_de_salto.vhd(26): signal "indice_entrada" is read inside the Process Statement but isn't in the Process Statement's sensitivity list File: /home/kaio/Documentos/Componentes/processador_mips_8_bits/controlador_de_salto.vhd Line: 26
Warning (10492): VHDL Process Statement warning at controlador_de_salto.vhd(28): signal "indice_entrada" is read inside the Process Statement but isn't in the Process Statement's sensitivity list File: /home/kaio/Documentos/Componentes/processador_mips_8_bits/controlador_de_salto.vhd Line: 28
Warning (10492): VHDL Process Statement warning at controlador_de_salto.vhd(28): signal "beq" is read inside the Process Statement but isn't in the Process Statement's sensitivity list File: /home/kaio/Documentos/Componentes/processador_mips_8_bits/controlador_de_salto.vhd Line: 28
Warning (10492): VHDL Process Statement warning at controlador_de_salto.vhd(30): signal "indice_entrada" is read inside the Process Statement but isn't in the Process Statement's sensitivity list File: /home/kaio/Documentos/Componentes/processador_mips_8_bits/controlador_de_salto.vhd Line: 30
Warning (10492): VHDL Process Statement warning at controlador_de_salto.vhd(30): signal "loop_valor" is read inside the Process Statement but isn't in the Process Statement's sensitivity list File: /home/kaio/Documentos/Componentes/processador_mips_8_bits/controlador_de_salto.vhd Line: 30
Warning (10492): VHDL Process Statement warning at controlador_de_salto.vhd(32): signal "indice_entrada" is read inside the Process Statement but isn't in the Process Statement's sensitivity list File: /home/kaio/Documentos/Componentes/processador_mips_8_bits/controlador_de_salto.vhd Line: 32
Warning (10492): VHDL Process Statement warning at controlador_de_salto.vhd(34): signal "indice_entrada" is read inside the Process Statement but isn't in the Process Statement's sensitivity list File: /home/kaio/Documentos/Componentes/processador_mips_8_bits/controlador_de_salto.vhd Line: 34
Info (12128): Elaborating entity "instrucoes" for hierarchy "instrucoes:banco_de_instrucao" File: /home/kaio/Documentos/Componentes/processador_mips_8_bits/processador_mips_8_bits.vhd Line: 168
Warning (10873): Using initial value X (don't care) for net "fila_de_execucao[8..16]" at instrucoes.vhd(19) File: /home/kaio/Documentos/Componentes/processador_mips_8_bits/instrucoes.vhd Line: 19
Info (12128): Elaborating entity "banco_regs" for hierarchy "banco_regs:banco_de_registradores" File: /home/kaio/Documentos/Componentes/processador_mips_8_bits/processador_mips_8_bits.vhd Line: 177
Info (12128): Elaborating entity "seletor1x2" for hierarchy "seletor1x2:seletor_1x2" File: /home/kaio/Documentos/Componentes/processador_mips_8_bits/processador_mips_8_bits.vhd Line: 192
Warning (10492): VHDL Process Statement warning at seletor1x2.vhd(25): signal "entrada" is read inside the Process Statement but isn't in the Process Statement's sensitivity list File: /home/kaio/Documentos/Componentes/processador_mips_8_bits/seletor1x2.vhd Line: 25
Warning (10492): VHDL Process Statement warning at seletor1x2.vhd(26): signal "entrada" is read inside the Process Statement but isn't in the Process Statement's sensitivity list File: /home/kaio/Documentos/Componentes/processador_mips_8_bits/seletor1x2.vhd Line: 26
Warning (10492): VHDL Process Statement warning at seletor1x2.vhd(27): signal "entrada" is read inside the Process Statement but isn't in the Process Statement's sensitivity list File: /home/kaio/Documentos/Componentes/processador_mips_8_bits/seletor1x2.vhd Line: 27
Warning (10631): VHDL Process Statement warning at seletor1x2.vhd(22): inferring latch(es) for signal or variable "saidaA", which holds its previous value in one or more paths through the process File: /home/kaio/Documentos/Componentes/processador_mips_8_bits/seletor1x2.vhd Line: 22
Warning (10631): VHDL Process Statement warning at seletor1x2.vhd(22): inferring latch(es) for signal or variable "saidaB", which holds its previous value in one or more paths through the process File: /home/kaio/Documentos/Componentes/processador_mips_8_bits/seletor1x2.vhd Line: 22
Info (10041): Inferred latch for "saidaB[0]" at seletor1x2.vhd(22) File: /home/kaio/Documentos/Componentes/processador_mips_8_bits/seletor1x2.vhd Line: 22
Info (10041): Inferred latch for "saidaB[1]" at seletor1x2.vhd(22) File: /home/kaio/Documentos/Componentes/processador_mips_8_bits/seletor1x2.vhd Line: 22
Info (10041): Inferred latch for "saidaB[2]" at seletor1x2.vhd(22) File: /home/kaio/Documentos/Componentes/processador_mips_8_bits/seletor1x2.vhd Line: 22
Info (10041): Inferred latch for "saidaB[3]" at seletor1x2.vhd(22) File: /home/kaio/Documentos/Componentes/processador_mips_8_bits/seletor1x2.vhd Line: 22
Info (10041): Inferred latch for "saidaB[4]" at seletor1x2.vhd(22) File: /home/kaio/Documentos/Componentes/processador_mips_8_bits/seletor1x2.vhd Line: 22
Info (10041): Inferred latch for "saidaB[5]" at seletor1x2.vhd(22) File: /home/kaio/Documentos/Componentes/processador_mips_8_bits/seletor1x2.vhd Line: 22
Info (10041): Inferred latch for "saidaB[6]" at seletor1x2.vhd(22) File: /home/kaio/Documentos/Componentes/processador_mips_8_bits/seletor1x2.vhd Line: 22
Info (10041): Inferred latch for "saidaB[7]" at seletor1x2.vhd(22) File: /home/kaio/Documentos/Componentes/processador_mips_8_bits/seletor1x2.vhd Line: 22
Info (10041): Inferred latch for "saidaA[0]" at seletor1x2.vhd(22) File: /home/kaio/Documentos/Componentes/processador_mips_8_bits/seletor1x2.vhd Line: 22
Info (10041): Inferred latch for "saidaA[1]" at seletor1x2.vhd(22) File: /home/kaio/Documentos/Componentes/processador_mips_8_bits/seletor1x2.vhd Line: 22
Info (10041): Inferred latch for "saidaA[2]" at seletor1x2.vhd(22) File: /home/kaio/Documentos/Componentes/processador_mips_8_bits/seletor1x2.vhd Line: 22
Info (10041): Inferred latch for "saidaA[3]" at seletor1x2.vhd(22) File: /home/kaio/Documentos/Componentes/processador_mips_8_bits/seletor1x2.vhd Line: 22
Info (10041): Inferred latch for "saidaA[4]" at seletor1x2.vhd(22) File: /home/kaio/Documentos/Componentes/processador_mips_8_bits/seletor1x2.vhd Line: 22
Info (10041): Inferred latch for "saidaA[5]" at seletor1x2.vhd(22) File: /home/kaio/Documentos/Componentes/processador_mips_8_bits/seletor1x2.vhd Line: 22
Info (10041): Inferred latch for "saidaA[6]" at seletor1x2.vhd(22) File: /home/kaio/Documentos/Componentes/processador_mips_8_bits/seletor1x2.vhd Line: 22
Info (10041): Inferred latch for "saidaA[7]" at seletor1x2.vhd(22) File: /home/kaio/Documentos/Componentes/processador_mips_8_bits/seletor1x2.vhd Line: 22
Info (12128): Elaborating entity "ULA" for hierarchy "ULA:unidade_de_logica_aritimetica" File: /home/kaio/Documentos/Componentes/processador_mips_8_bits/processador_mips_8_bits.vhd Line: 203
Warning (10492): VHDL Process Statement warning at ula.vhd(22): signal "a" is read inside the Process Statement but isn't in the Process Statement's sensitivity list File: /home/kaio/Documentos/Componentes/processador_mips_8_bits/ula.vhd Line: 22
Warning (10492): VHDL Process Statement warning at ula.vhd(22): signal "b" is read inside the Process Statement but isn't in the Process Statement's sensitivity list File: /home/kaio/Documentos/Componentes/processador_mips_8_bits/ula.vhd Line: 22
Warning (10492): VHDL Process Statement warning at ula.vhd(24): signal "a" is read inside the Process Statement but isn't in the Process Statement's sensitivity list File: /home/kaio/Documentos/Componentes/processador_mips_8_bits/ula.vhd Line: 24
Warning (10492): VHDL Process Statement warning at ula.vhd(24): signal "b" is read inside the Process Statement but isn't in the Process Statement's sensitivity list File: /home/kaio/Documentos/Componentes/processador_mips_8_bits/ula.vhd Line: 24
Warning (10492): VHDL Process Statement warning at ula.vhd(26): signal "a" is read inside the Process Statement but isn't in the Process Statement's sensitivity list File: /home/kaio/Documentos/Componentes/processador_mips_8_bits/ula.vhd Line: 26
Warning (10492): VHDL Process Statement warning at ula.vhd(26): signal "b" is read inside the Process Statement but isn't in the Process Statement's sensitivity list File: /home/kaio/Documentos/Componentes/processador_mips_8_bits/ula.vhd Line: 26
Warning (10492): VHDL Process Statement warning at ula.vhd(32): signal "a" is read inside the Process Statement but isn't in the Process Statement's sensitivity list File: /home/kaio/Documentos/Componentes/processador_mips_8_bits/ula.vhd Line: 32
Warning (10492): VHDL Process Statement warning at ula.vhd(32): signal "b" is read inside the Process Statement but isn't in the Process Statement's sensitivity list File: /home/kaio/Documentos/Componentes/processador_mips_8_bits/ula.vhd Line: 32
Warning (10492): VHDL Process Statement warning at ula.vhd(37): signal "a" is read inside the Process Statement but isn't in the Process Statement's sensitivity list File: /home/kaio/Documentos/Componentes/processador_mips_8_bits/ula.vhd Line: 37
Warning (10492): VHDL Process Statement warning at ula.vhd(37): signal "b" is read inside the Process Statement but isn't in the Process Statement's sensitivity list File: /home/kaio/Documentos/Componentes/processador_mips_8_bits/ula.vhd Line: 37
Warning (10631): VHDL Process Statement warning at ula.vhd(18): inferring latch(es) for signal or variable "alu_result", which holds its previous value in one or more paths through the process File: /home/kaio/Documentos/Componentes/processador_mips_8_bits/ula.vhd Line: 18
Warning (10631): VHDL Process Statement warning at ula.vhd(18): inferring latch(es) for signal or variable "zero", which holds its previous value in one or more paths through the process File: /home/kaio/Documentos/Componentes/processador_mips_8_bits/ula.vhd Line: 18
Info (10041): Inferred latch for "zero[0]" at ula.vhd(18) File: /home/kaio/Documentos/Componentes/processador_mips_8_bits/ula.vhd Line: 18
Info (10041): Inferred latch for "zero[1]" at ula.vhd(18) File: /home/kaio/Documentos/Componentes/processador_mips_8_bits/ula.vhd Line: 18
Info (10041): Inferred latch for "alu_result[0]" at ula.vhd(18) File: /home/kaio/Documentos/Componentes/processador_mips_8_bits/ula.vhd Line: 18
Info (10041): Inferred latch for "alu_result[1]" at ula.vhd(18) File: /home/kaio/Documentos/Componentes/processador_mips_8_bits/ula.vhd Line: 18
Info (10041): Inferred latch for "alu_result[2]" at ula.vhd(18) File: /home/kaio/Documentos/Componentes/processador_mips_8_bits/ula.vhd Line: 18
Info (10041): Inferred latch for "alu_result[3]" at ula.vhd(18) File: /home/kaio/Documentos/Componentes/processador_mips_8_bits/ula.vhd Line: 18
Info (10041): Inferred latch for "alu_result[4]" at ula.vhd(18) File: /home/kaio/Documentos/Componentes/processador_mips_8_bits/ula.vhd Line: 18
Info (10041): Inferred latch for "alu_result[5]" at ula.vhd(18) File: /home/kaio/Documentos/Componentes/processador_mips_8_bits/ula.vhd Line: 18
Info (10041): Inferred latch for "alu_result[6]" at ula.vhd(18) File: /home/kaio/Documentos/Componentes/processador_mips_8_bits/ula.vhd Line: 18
Info (10041): Inferred latch for "alu_result[7]" at ula.vhd(18) File: /home/kaio/Documentos/Componentes/processador_mips_8_bits/ula.vhd Line: 18
Info (12128): Elaborating entity "memory_data" for hierarchy "memory_data:data_memory" File: /home/kaio/Documentos/Componentes/processador_mips_8_bits/processador_mips_8_bits.vhd Line: 217
Warning (10492): VHDL Process Statement warning at memory_data.vhd(22): signal "mem_addr_data" is read inside the Process Statement but isn't in the Process Statement's sensitivity list File: /home/kaio/Documentos/Componentes/processador_mips_8_bits/memory_data.vhd Line: 22
Info (12128): Elaborating entity "mult1x4" for hierarchy "mult1x4:multiplexador1x4" File: /home/kaio/Documentos/Componentes/processador_mips_8_bits/processador_mips_8_bits.vhd Line: 230
Info (12128): Elaborating entity "controlador" for hierarchy "controlador:controle" File: /home/kaio/Documentos/Componentes/processador_mips_8_bits/processador_mips_8_bits.vhd Line: 244
Warning (14025): LATCH primitive "seletor1x2:seletor_1x2|saidaB[0]" is permanently disabled File: /home/kaio/Documentos/Componentes/processador_mips_8_bits/seletor1x2.vhd Line: 22
Warning (14025): LATCH primitive "seletor1x2:seletor_1x2|saidaB[1]" is permanently disabled File: /home/kaio/Documentos/Componentes/processador_mips_8_bits/seletor1x2.vhd Line: 22
Warning (14025): LATCH primitive "seletor1x2:seletor_1x2|saidaB[2]" is permanently disabled File: /home/kaio/Documentos/Componentes/processador_mips_8_bits/seletor1x2.vhd Line: 22
Warning (14025): LATCH primitive "seletor1x2:seletor_1x2|saidaB[3]" is permanently disabled File: /home/kaio/Documentos/Componentes/processador_mips_8_bits/seletor1x2.vhd Line: 22
Warning (14025): LATCH primitive "seletor1x2:seletor_1x2|saidaB[4]" is permanently disabled File: /home/kaio/Documentos/Componentes/processador_mips_8_bits/seletor1x2.vhd Line: 22
Warning (14025): LATCH primitive "seletor1x2:seletor_1x2|saidaB[5]" is permanently disabled File: /home/kaio/Documentos/Componentes/processador_mips_8_bits/seletor1x2.vhd Line: 22
Warning (14025): LATCH primitive "seletor1x2:seletor_1x2|saidaB[6]" is permanently disabled File: /home/kaio/Documentos/Componentes/processador_mips_8_bits/seletor1x2.vhd Line: 22
Warning (14025): LATCH primitive "seletor1x2:seletor_1x2|saidaB[7]" is permanently disabled File: /home/kaio/Documentos/Componentes/processador_mips_8_bits/seletor1x2.vhd Line: 22
Warning (14026): LATCH primitive "ULA:unidade_de_logica_aritimetica|alu_result[0]" is permanently enabled File: /home/kaio/Documentos/Componentes/processador_mips_8_bits/ula.vhd Line: 18
Warning (14026): LATCH primitive "ULA:unidade_de_logica_aritimetica|alu_result[1]" is permanently enabled File: /home/kaio/Documentos/Componentes/processador_mips_8_bits/ula.vhd Line: 18
Warning (14026): LATCH primitive "ULA:unidade_de_logica_aritimetica|alu_result[2]" is permanently enabled File: /home/kaio/Documentos/Componentes/processador_mips_8_bits/ula.vhd Line: 18
Warning (14026): LATCH primitive "ULA:unidade_de_logica_aritimetica|alu_result[3]" is permanently enabled File: /home/kaio/Documentos/Componentes/processador_mips_8_bits/ula.vhd Line: 18
Warning (14026): LATCH primitive "ULA:unidade_de_logica_aritimetica|alu_result[4]" is permanently enabled File: /home/kaio/Documentos/Componentes/processador_mips_8_bits/ula.vhd Line: 18
Warning (14026): LATCH primitive "ULA:unidade_de_logica_aritimetica|alu_result[5]" is permanently enabled File: /home/kaio/Documentos/Componentes/processador_mips_8_bits/ula.vhd Line: 18
Warning (14026): LATCH primitive "ULA:unidade_de_logica_aritimetica|alu_result[6]" is permanently enabled File: /home/kaio/Documentos/Componentes/processador_mips_8_bits/ula.vhd Line: 18
Warning (14026): LATCH primitive "ULA:unidade_de_logica_aritimetica|alu_result[7]" is permanently enabled File: /home/kaio/Documentos/Componentes/processador_mips_8_bits/ula.vhd Line: 18
Warning (14026): LATCH primitive "banco_regs:banco_de_registradores|reg_array~0" is permanently enabled File: /home/kaio/Documentos/Componentes/processador_mips_8_bits/banco_regs.vhdl Line: 23
Warning (14026): LATCH primitive "banco_regs:banco_de_registradores|reg_array~1" is permanently enabled File: /home/kaio/Documentos/Componentes/processador_mips_8_bits/banco_regs.vhdl Line: 23
Warning (14026): LATCH primitive "banco_regs:banco_de_registradores|reg_array~2" is permanently enabled File: /home/kaio/Documentos/Componentes/processador_mips_8_bits/banco_regs.vhdl Line: 23
Warning (14026): LATCH primitive "banco_regs:banco_de_registradores|reg_array~3" is permanently enabled File: /home/kaio/Documentos/Componentes/processador_mips_8_bits/banco_regs.vhdl Line: 23
Warning (14026): LATCH primitive "banco_regs:banco_de_registradores|reg_array~4" is permanently enabled File: /home/kaio/Documentos/Componentes/processador_mips_8_bits/banco_regs.vhdl Line: 23
Warning (14026): LATCH primitive "banco_regs:banco_de_registradores|reg_array~5" is permanently enabled File: /home/kaio/Documentos/Componentes/processador_mips_8_bits/banco_regs.vhdl Line: 23
Warning (14026): LATCH primitive "banco_regs:banco_de_registradores|reg_array~6" is permanently enabled File: /home/kaio/Documentos/Componentes/processador_mips_8_bits/banco_regs.vhdl Line: 23
Warning (14026): LATCH primitive "banco_regs:banco_de_registradores|reg_array~7" is permanently enabled File: /home/kaio/Documentos/Componentes/processador_mips_8_bits/banco_regs.vhdl Line: 23
Warning (14026): LATCH primitive "banco_regs:banco_de_registradores|reg_array~8" is permanently enabled File: /home/kaio/Documentos/Componentes/processador_mips_8_bits/banco_regs.vhdl Line: 23
Warning (14026): LATCH primitive "banco_regs:banco_de_registradores|reg_array~9" is permanently enabled File: /home/kaio/Documentos/Componentes/processador_mips_8_bits/banco_regs.vhdl Line: 23
Warning (14026): LATCH primitive "banco_regs:banco_de_registradores|reg_array~10" is permanently enabled File: /home/kaio/Documentos/Componentes/processador_mips_8_bits/banco_regs.vhdl Line: 23
Warning (14026): LATCH primitive "banco_regs:banco_de_registradores|reg_array~11" is permanently enabled File: /home/kaio/Documentos/Componentes/processador_mips_8_bits/banco_regs.vhdl Line: 23
Warning (14026): LATCH primitive "banco_regs:banco_de_registradores|reg_array~12" is permanently enabled File: /home/kaio/Documentos/Componentes/processador_mips_8_bits/banco_regs.vhdl Line: 23
Warning (14026): LATCH primitive "banco_regs:banco_de_registradores|reg_array~13" is permanently enabled File: /home/kaio/Documentos/Componentes/processador_mips_8_bits/banco_regs.vhdl Line: 23
Warning (14026): LATCH primitive "banco_regs:banco_de_registradores|reg_array~14" is permanently enabled File: /home/kaio/Documentos/Componentes/processador_mips_8_bits/banco_regs.vhdl Line: 23
Warning (14026): LATCH primitive "banco_regs:banco_de_registradores|reg_array~15" is permanently enabled File: /home/kaio/Documentos/Componentes/processador_mips_8_bits/banco_regs.vhdl Line: 23
Warning (13024): Output pins are stuck at VCC or GND
    Warning (13410): Pin "alu_result[0]" is stuck at GND File: /home/kaio/Documentos/Componentes/processador_mips_8_bits/processador_mips_8_bits.vhd Line: 13
    Warning (13410): Pin "alu_result[1]" is stuck at GND File: /home/kaio/Documentos/Componentes/processador_mips_8_bits/processador_mips_8_bits.vhd Line: 13
    Warning (13410): Pin "alu_result[2]" is stuck at GND File: /home/kaio/Documentos/Componentes/processador_mips_8_bits/processador_mips_8_bits.vhd Line: 13
    Warning (13410): Pin "alu_result[3]" is stuck at GND File: /home/kaio/Documentos/Componentes/processador_mips_8_bits/processador_mips_8_bits.vhd Line: 13
    Warning (13410): Pin "alu_result[4]" is stuck at GND File: /home/kaio/Documentos/Componentes/processador_mips_8_bits/processador_mips_8_bits.vhd Line: 13
    Warning (13410): Pin "alu_result[5]" is stuck at GND File: /home/kaio/Documentos/Componentes/processador_mips_8_bits/processador_mips_8_bits.vhd Line: 13
    Warning (13410): Pin "alu_result[6]" is stuck at GND File: /home/kaio/Documentos/Componentes/processador_mips_8_bits/processador_mips_8_bits.vhd Line: 13
    Warning (13410): Pin "alu_result[7]" is stuck at GND File: /home/kaio/Documentos/Componentes/processador_mips_8_bits/processador_mips_8_bits.vhd Line: 13
Info (16010): Generating hard_block partition "hard_block:auto_generated_inst"
    Info (16011): Adding 0 node(s), including 0 DDIO, 0 PLL, 0 transceiver and 0 LCELL
Warning (21074): Design contains 10 input pin(s) that do not drive logic
    Warning (15610): No output dependent on input pin "reset" File: /home/kaio/Documentos/Componentes/processador_mips_8_bits/processador_mips_8_bits.vhd Line: 10
    Warning (15610): No output dependent on input pin "clock" File: /home/kaio/Documentos/Componentes/processador_mips_8_bits/processador_mips_8_bits.vhd Line: 11
    Warning (15610): No output dependent on input pin "indice[0]" File: /home/kaio/Documentos/Componentes/processador_mips_8_bits/processador_mips_8_bits.vhd Line: 12
    Warning (15610): No output dependent on input pin "indice[1]" File: /home/kaio/Documentos/Componentes/processador_mips_8_bits/processador_mips_8_bits.vhd Line: 12
    Warning (15610): No output dependent on input pin "indice[2]" File: /home/kaio/Documentos/Componentes/processador_mips_8_bits/processador_mips_8_bits.vhd Line: 12
    Warning (15610): No output dependent on input pin "indice[3]" File: /home/kaio/Documentos/Componentes/processador_mips_8_bits/processador_mips_8_bits.vhd Line: 12
    Warning (15610): No output dependent on input pin "indice[4]" File: /home/kaio/Documentos/Componentes/processador_mips_8_bits/processador_mips_8_bits.vhd Line: 12
    Warning (15610): No output dependent on input pin "indice[5]" File: /home/kaio/Documentos/Componentes/processador_mips_8_bits/processador_mips_8_bits.vhd Line: 12
    Warning (15610): No output dependent on input pin "indice[6]" File: /home/kaio/Documentos/Componentes/processador_mips_8_bits/processador_mips_8_bits.vhd Line: 12
    Warning (15610): No output dependent on input pin "indice[7]" File: /home/kaio/Documentos/Componentes/processador_mips_8_bits/processador_mips_8_bits.vhd Line: 12
Info (21057): Implemented 18 device resources after synthesis - the final resource count might be different
    Info (21058): Implemented 10 input pins
    Info (21059): Implemented 8 output pins
Info: Quartus Prime Analysis & Synthesis was successful. 0 errors, 82 warnings
    Info: Peak virtual memory: 484 megabytes
    Info: Processing ended: Sun Mar 13 17:40:07 2022
    Info: Elapsed time: 00:00:11
    Info: Total CPU time (on all processors): 00:00:30


